[ 2015-12-14T21:15:28+08:00 ] ::1 /yanzhihui/?m=api&c=level&a=index
INFO: [ app_init ] --START--
INFO: Run Behavior\BuildLiteBehavior [ RunTime:0.000000s ]
INFO: [ app_init ] --END-- [ RunTime:0.001000s ]
INFO: [ app_begin ] --START--
INFO: Run Behavior\ReadHtmlCacheBehavior [ RunTime:0.001000s ]
INFO: Run Behavior\CheckLangBehavior [ RunTime:0.001000s ]
INFO: [ app_begin ] --END-- [ RunTime:0.002000s ]
SQL: SHOW COLUMNS FROM `xian_level` [ RunTime:0.0030s ]
SQL: SHOW COLUMNS FROM `xian_level` [ RunTime:0.0020s ]
SQL: SELECT * FROM `xian_level`  [ RunTime:0.0000s ]

[ 2015-12-14T21:16:15+08:00 ] ::1 /yanzhihui/?m=api&c=level&a=index
INFO: [ app_init ] --START--
INFO: Run Behavior\BuildLiteBehavior [ RunTime:0.000000s ]
INFO: [ app_init ] --END-- [ RunTime:0.001000s ]
INFO: [ app_begin ] --START--
INFO: Run Behavior\ReadHtmlCacheBehavior [ RunTime:0.001000s ]
INFO: Run Behavior\CheckLangBehavior [ RunTime:0.002000s ]
INFO: [ app_begin ] --END-- [ RunTime:0.003000s ]
SQL: SHOW COLUMNS FROM `xian_level` [ RunTime:0.0030s ]
SQL: SHOW COLUMNS FROM `xian_level` [ RunTime:0.0020s ]
SQL: SELECT * FROM `xian_level`  [ RunTime:0.0000s ]

[ 2015-12-14T21:17:17+08:00 ] ::1 /yanzhihui/?m=api&c=level&a=index
INFO: [ app_init ] --START--
INFO: Run Behavior\BuildLiteBehavior [ RunTime:0.000000s ]
INFO: [ app_init ] --END-- [ RunTime:0.000000s ]
INFO: [ app_begin ] --START--
INFO: Run Behavior\ReadHtmlCacheBehavior [ RunTime:0.010000s ]
INFO: Run Behavior\CheckLangBehavior [ RunTime:0.001000s ]
INFO: [ app_begin ] --END-- [ RunTime:0.011000s ]
SQL: SHOW COLUMNS FROM `xian_level` [ RunTime:0.0030s ]
SQL: SHOW COLUMNS FROM `xian_level` [ RunTime:0.0030s ]
SQL: SELECT * FROM `xian_level`  [ RunTime:0.0000s ]

[ 2015-12-14T21:17:28+08:00 ] ::1 /yanzhihui/?m=api&c=level&a=index
INFO: [ app_init ] --START--
INFO: Run Behavior\BuildLiteBehavior [ RunTime:0.000000s ]
INFO: [ app_init ] --END-- [ RunTime:0.001000s ]
INFO: [ app_begin ] --START--
INFO: Run Behavior\ReadHtmlCacheBehavior [ RunTime:0.001000s ]
INFO: Run Behavior\CheckLangBehavior [ RunTime:0.002000s ]
INFO: [ app_begin ] --END-- [ RunTime:0.003000s ]
SQL: SHOW COLUMNS FROM `xian_level` [ RunTime:0.0030s ]
SQL: SHOW COLUMNS FROM `xian_level` [ RunTime:0.0030s ]
SQL: SELECT * FROM `xian_level`  [ RunTime:0.0000s ]

[ 2015-12-14T21:18:14+08:00 ] ::1 /yanzhihui/?m=api&c=level&a=index
INFO: [ app_init ] --START--
INFO: Run Behavior\BuildLiteBehavior [ RunTime:0.000000s ]
INFO: [ app_init ] --END-- [ RunTime:0.001000s ]
INFO: [ app_begin ] --START--
INFO: Run Behavior\ReadHtmlCacheBehavior [ RunTime:0.001000s ]
INFO: Run Behavior\CheckLangBehavior [ RunTime:0.001000s ]
INFO: [ app_begin ] --END-- [ RunTime:0.002000s ]
SQL: SHOW COLUMNS FROM `xian_level` [ RunTime:0.0030s ]
SQL: SHOW COLUMNS FROM `xian_level` [ RunTime:0.0020s ]
SQL: SELECT * FROM `xian_level`  [ RunTime:0.0010s ]

[ 2015-12-14T22:10:19+08:00 ] ::1 /yanzhihui/?m=api&c=user&a=do_edit_chat_level
INFO: [ app_init ] --START--
INFO: Run Behavior\BuildLiteBehavior [ RunTime:0.000000s ]
INFO: [ app_init ] --END-- [ RunTime:0.001000s ]
INFO: [ app_begin ] --START--
INFO: Run Behavior\ReadHtmlCacheBehavior [ RunTime:0.000000s ]
INFO: Run Behavior\CheckLangBehavior [ RunTime:0.001000s ]
INFO: [ app_begin ] --END-- [ RunTime:0.001000s ]

[ 2015-12-14T22:11:00+08:00 ] ::1 /yanzhihui/?m=api&c=user&a=do_edit_chat_level&user_id=2888
INFO: [ app_init ] --START--
INFO: Run Behavior\BuildLiteBehavior [ RunTime:0.000000s ]
INFO: [ app_init ] --END-- [ RunTime:0.000000s ]
INFO: [ app_begin ] --START--
INFO: Run Behavior\ReadHtmlCacheBehavior [ RunTime:0.001000s ]
INFO: Run Behavior\CheckLangBehavior [ RunTime:0.001000s ]
INFO: [ app_begin ] --END-- [ RunTime:0.003000s ]

[ 2015-12-14T22:11:24+08:00 ] ::1 /yanzhihui/?m=api&c=user&a=edit_chat_level&user_id=2888
INFO: [ app_init ] --START--
INFO: Run Behavior\BuildLiteBehavior [ RunTime:0.000000s ]
INFO: [ app_init ] --END-- [ RunTime:0.001000s ]
INFO: [ app_begin ] --START--
INFO: Run Behavior\ReadHtmlCacheBehavior [ RunTime:0.001000s ]
INFO: Run Behavior\CheckLangBehavior [ RunTime:0.002000s ]
INFO: [ app_begin ] --END-- [ RunTime:0.003000s ]
SQL: SHOW COLUMNS FROM `xian_user` [ RunTime:0.0040s ]
SQL: SHOW COLUMNS FROM `xian_level` [ RunTime:0.0020s ]
SQL: SELECT * FROM `xian_level`  [ RunTime:0.0000s ]

[ 2015-12-14T22:15:08+08:00 ] ::1 /yanzhihui/?m=api&c=user&a=edit_chat_level&user_id=2888
INFO: [ app_init ] --START--
INFO: Run Behavior\BuildLiteBehavior [ RunTime:0.000000s ]
INFO: [ app_init ] --END-- [ RunTime:0.000000s ]
INFO: [ app_begin ] --START--
INFO: Run Behavior\ReadHtmlCacheBehavior [ RunTime:0.001000s ]
INFO: Run Behavior\CheckLangBehavior [ RunTime:0.002000s ]
INFO: [ app_begin ] --END-- [ RunTime:0.003000s ]
SQL: SHOW COLUMNS FROM `xian_user` [ RunTime:0.0030s ]
SQL: SHOW COLUMNS FROM `xian_level` [ RunTime:0.0020s ]
SQL: SELECT * FROM `xian_level`  [ RunTime:0.0010s ]
NOTIC: [8] Undefined index: chat_value D:\software\apache24\htdocs\yanzhihui\Application\Api\Model\UserModel.class.php 第 116 行.

[ 2015-12-14T22:15:20+08:00 ] ::1 /yanzhihui/?m=api&c=user&a=edit_chat_level&user_id=2888&level=2
INFO: [ app_init ] --START--
INFO: Run Behavior\BuildLiteBehavior [ RunTime:0.000000s ]
INFO: [ app_init ] --END-- [ RunTime:0.001000s ]
INFO: [ app_begin ] --START--
INFO: Run Behavior\ReadHtmlCacheBehavior [ RunTime:0.000000s ]
INFO: Run Behavior\CheckLangBehavior [ RunTime:0.002000s ]
INFO: [ app_begin ] --END-- [ RunTime:0.003000s ]
SQL: SHOW COLUMNS FROM `xian_user` [ RunTime:0.0040s ]
SQL: SHOW COLUMNS FROM `xian_level` [ RunTime:0.0030s ]
SQL: SELECT * FROM `xian_level`  [ RunTime:0.0000s ]

[ 2015-12-14T22:15:25+08:00 ] ::1 /yanzhihui/?m=api&c=user&a=edit_chat_level&user_id=2888&level=1
INFO: [ app_init ] --START--
INFO: Run Behavior\BuildLiteBehavior [ RunTime:0.000000s ]
INFO: [ app_init ] --END-- [ RunTime:0.000000s ]
INFO: [ app_begin ] --START--
INFO: Run Behavior\ReadHtmlCacheBehavior [ RunTime:0.001000s ]
INFO: Run Behavior\CheckLangBehavior [ RunTime:0.001000s ]
INFO: [ app_begin ] --END-- [ RunTime:0.002000s ]
SQL: SHOW COLUMNS FROM `xian_user` [ RunTime:0.0040s ]
SQL: SHOW COLUMNS FROM `xian_level` [ RunTime:0.0030s ]
SQL: SELECT * FROM `xian_level`  [ RunTime:0.0000s ]

[ 2015-12-14T22:15:29+08:00 ] ::1 /yanzhihui/?m=api&c=user&a=edit_chat_level&user_id=2888&level=3
INFO: [ app_init ] --START--
INFO: Run Behavior\BuildLiteBehavior [ RunTime:0.000000s ]
INFO: [ app_init ] --END-- [ RunTime:0.000000s ]
INFO: [ app_begin ] --START--
INFO: Run Behavior\ReadHtmlCacheBehavior [ RunTime:0.001000s ]
INFO: Run Behavior\CheckLangBehavior [ RunTime:0.002001s ]
INFO: [ app_begin ] --END-- [ RunTime:0.003001s ]
SQL: SHOW COLUMNS FROM `xian_user` [ RunTime:0.0060s ]
SQL: SHOW COLUMNS FROM `xian_level` [ RunTime:0.0040s ]
SQL: SELECT * FROM `xian_level`  [ RunTime:0.0000s ]

[ 2015-12-14T22:15:31+08:00 ] ::1 /yanzhihui/?m=api&c=user&a=edit_chat_level&user_id=2888&level=4
INFO: [ app_init ] --START--
INFO: Run Behavior\BuildLiteBehavior [ RunTime:0.000000s ]
INFO: [ app_init ] --END-- [ RunTime:0.001001s ]
INFO: [ app_begin ] --START--
INFO: Run Behavior\ReadHtmlCacheBehavior [ RunTime:0.000000s ]
INFO: Run Behavior\CheckLangBehavior [ RunTime:0.002000s ]
INFO: [ app_begin ] --END-- [ RunTime:0.002000s ]
SQL: SHOW COLUMNS FROM `xian_user` [ RunTime:0.0050s ]
SQL: SHOW COLUMNS FROM `xian_level` [ RunTime:0.0030s ]
SQL: SELECT * FROM `xian_level`  [ RunTime:0.0000s ]
NOTIC: [8] Undefined index: chat_value D:\software\apache24\htdocs\yanzhihui\Application\Api\Model\UserModel.class.php 第 116 行.

