操作行为:上传文件成功
操作用户:
操作时间:2015-12-28 21:07:12
操作IP:192.168.0.113
URL来源:
操作信息:{"name":"8085964A-C2C0-435C-83F0-19C0E1F1A777.jpg","type":"image\/jpeg","size":241460,"key":"file","ext":"jpg","md5":"47c9b92aa6805ec9d458889809cb8a96","sha1":"a6c45fbb472ae66e1d3462c5b8a74c8b1a7036e3","savename":"568134001d5ac.jpg","savepath":".\/Temp\/"}

操作行为:上传文件成功
操作用户:
操作时间:2015-12-28 21:07:16
操作IP:192.168.0.113
URL来源:
操作信息:{"name":"8085964A-C2C0-435C-83F0-19C0E1F1A777.jpg","type":"image\/jpeg","size":241460,"key":"file","ext":"jpg","md5":"47c9b92aa6805ec9d458889809cb8a96","sha1":"a6c45fbb472ae66e1d3462c5b8a74c8b1a7036e3","savename":"56813404659f3.jpg","savepath":".\/Temp\/"}

操作行为:上传文件成功
操作用户:
操作时间:2015-12-28 21:07:20
操作IP:192.168.0.113
URL来源:
操作信息:{"name":"8085964A-C2C0-435C-83F0-19C0E1F1A777.jpg","type":"image\/jpeg","size":241460,"key":"file","ext":"jpg","md5":"47c9b92aa6805ec9d458889809cb8a96","sha1":"a6c45fbb472ae66e1d3462c5b8a74c8b1a7036e3","savename":"568134089ce5b.jpg","savepath":".\/Temp\/"}

操作行为:上传文件成功
操作用户:
操作时间:2015-12-28 21:08:06
操作IP:192.168.0.113
URL来源:
操作信息:{"name":"B788A724-203E-45F3-80EC-9073432BF2F6.jpg","type":"image\/jpeg","size":241460,"key":"file","ext":"jpg","md5":"47c9b92aa6805ec9d458889809cb8a96","sha1":"a6c45fbb472ae66e1d3462c5b8a74c8b1a7036e3","savename":"56813436b0d6e.jpg","savepath":".\/Temp\/"}

操作行为:上传文件成功
操作用户:
操作时间:2015-12-28 21:08:17
操作IP:192.168.0.113
URL来源:
操作信息:{"name":"B788A724-203E-45F3-80EC-9073432BF2F6.jpg","type":"image\/jpeg","size":241460,"key":"file","ext":"jpg","md5":"47c9b92aa6805ec9d458889809cb8a96","sha1":"a6c45fbb472ae66e1d3462c5b8a74c8b1a7036e3","savename":"56813441e1b8a.jpg","savepath":".\/Temp\/"}

操作行为:上传文件成功
操作用户:
操作时间:2015-12-28 21:19:04
操作IP:192.168.0.103
URL来源:
操作信息:{"name":"1C90B6B9-C19C-4491-9B07-F5DB51D173D0.jpg","type":"image\/jpeg","size":185398,"key":"file","ext":"jpg","md5":"500641459ddbb4bf081b8635229e16ea","sha1":"fd6c82e447aa75d2c838a17038690cddf66eca71","savename":"568136c80333f.jpg","savepath":".\/Temp\/"}

操作行为:上传文件成功
操作用户:
操作时间:2015-12-28 21:19:08
操作IP:192.168.0.103
URL来源:
操作信息:{"name":"1C90B6B9-C19C-4491-9B07-F5DB51D173D0.jpg","type":"image\/jpeg","size":185398,"key":"file","ext":"jpg","md5":"500641459ddbb4bf081b8635229e16ea","sha1":"fd6c82e447aa75d2c838a17038690cddf66eca71","savename":"568136cc4a7e7.jpg","savepath":".\/Temp\/"}

操作行为:上传文件成功
操作用户:
操作时间:2015-12-28 21:19:37
操作IP:192.168.0.103
URL来源:
操作信息:{"name":"1C90B6B9-C19C-4491-9B07-F5DB51D173D0.jpg","type":"image\/jpeg","size":185398,"key":"file","ext":"jpg","md5":"500641459ddbb4bf081b8635229e16ea","sha1":"fd6c82e447aa75d2c838a17038690cddf66eca71","savename":"568136e9b6903.jpg","savepath":".\/Temp\/"}

操作行为:上传文件成功
操作用户:
操作时间:2015-12-28 21:23:16
操作IP:192.168.0.111
URL来源:
操作信息:{"name":"C0237C3A-6D81-4E77-95AC-9BDA37838837.jpg","type":"image\/jpeg","size":119910,"key":"file","ext":"jpg","md5":"3220c387ccf80170a60dcb364b483fd2","sha1":"e3f7291e49ec39d65b02f444200a3b42ba1bffb5","savename":"568137c498183.jpg","savepath":".\/Temp\/"}

操作行为:上传文件成功
操作用户:
操作时间:2015-12-28 21:23:20
操作IP:192.168.0.111
URL来源:
操作信息:{"name":"C0237C3A-6D81-4E77-95AC-9BDA37838837.jpg","type":"image\/jpeg","size":119910,"key":"file","ext":"jpg","md5":"3220c387ccf80170a60dcb364b483fd2","sha1":"e3f7291e49ec39d65b02f444200a3b42ba1bffb5","savename":"568137c89705a.jpg","savepath":".\/Temp\/"}

操作行为:上传文件成功
操作用户:
操作时间:2015-12-28 21:23:34
操作IP:192.168.0.111
URL来源:
操作信息:{"name":"0A6E6A05-CE6B-4928-8CEA-3158E8EBB02A.jpg","type":"image\/jpeg","size":16014,"key":"file","ext":"jpg","md5":"dc306982c48f4734a3235b991a869c13","sha1":"b31961df34fd349c4cde8e535746169504f1c4e4","savename":"568137d6cb07c.jpg","savepath":".\/Temp\/"}

操作行为:文件移动成功
操作用户:
操作时间:2015-12-28 21:23:37
操作IP:192.168.0.111
URL来源:
操作信息:./Uploads/Images/User/20151228/568137d6cb07c.jpg

操作行为:上传文件成功
操作用户:
操作时间:2015-12-28 21:25:04
操作IP:192.168.0.113
URL来源:
操作信息:{"name":"AD81FB7F-8D48-481A-9F17-49ED3DFB6CBF.jpg","type":"image\/jpeg","size":18801,"key":"file","ext":"jpg","md5":"c2d00bd6eb28418b403657e58ad95a58","sha1":"5b9d2b466724c6cb26fc4023a563e4ac2fc35a7a","savename":"568138300ca3c.jpg","savepath":".\/Temp\/"}

操作行为:文件移动成功
操作用户:
操作时间:2015-12-28 21:25:06
操作IP:192.168.0.113
URL来源:
操作信息:./Uploads/Images/User/20151228/568138300ca3c.jpg

操作行为:上传文件成功
操作用户:
操作时间:2015-12-28 21:26:00
操作IP:192.168.0.113
URL来源:
操作信息:{"name":"D50A029B-1813-4B4E-A63E-78A43E0FD155.jpg","type":"image\/jpeg","size":241460,"key":"file","ext":"jpg","md5":"47c9b92aa6805ec9d458889809cb8a96","sha1":"a6c45fbb472ae66e1d3462c5b8a74c8b1a7036e3","savename":"568138681f511.jpg","savepath":".\/Temp\/"}

操作行为:上传文件成功
操作用户:
操作时间:2015-12-28 22:19:38
操作IP:192.168.0.111
URL来源:
操作信息:{"name":"A165D1BB-E024-45DA-A4D3-9BB65BADE418.jpg","type":"image\/jpeg","size":16014,"key":"file","ext":"jpg","md5":"dc306982c48f4734a3235b991a869c13","sha1":"b31961df34fd349c4cde8e535746169504f1c4e4","savename":"568144fab1257.jpg","savepath":".\/Temp\/"}

操作行为:文件移动成功
操作用户:
操作时间:2015-12-28 22:19:40
操作IP:192.168.0.111
URL来源:
操作信息:./Uploads/Images/User/20151228/568144fab1257.jpg

操作行为:上传文件成功
操作用户:
操作时间:2015-12-28 22:22:04
操作IP:192.168.0.111
URL来源:
操作信息:{"name":"B58287CC-07CC-4CFA-A6C3-ABE23FE5BBB3.jpg","type":"image\/jpeg","size":15765,"key":"file","ext":"jpg","md5":"03460e46c322b3b225974d41c095b5dc","sha1":"b8b6f544ed594438f330c504d0b938a6e311565c","savename":"5681458c147c1.jpg","savepath":".\/Temp\/"}

操作行为:文件移动成功
操作用户:
操作时间:2015-12-28 22:22:05
操作IP:192.168.0.111
URL来源:
操作信息:./Uploads/Images/User/20151228/5681458c147c1.jpg

操作行为:上传文件成功
操作用户:
操作时间:2015-12-28 22:26:00
操作IP:192.168.0.111
URL来源:
操作信息:{"name":"A19AEE9D-4C63-4166-BDD2-A9B0AA1E8894.jpg","type":"image\/jpeg","size":11715,"key":"file","ext":"jpg","md5":"7e8f85bdf78f8f9686dc309d0bc7c862","sha1":"52a5d1f4e42da4374f064754495ea6d21f094810","savename":"56814678b7f22.jpg","savepath":".\/Temp\/"}

操作行为:文件移动成功
操作用户:
操作时间:2015-12-28 22:26:02
操作IP:192.168.0.111
URL来源:
操作信息:./Uploads/Images/User/20151228/56814678b7f22.jpg

操作行为:上传文件成功
操作用户:
操作时间:2015-12-28 22:27:50
操作IP:192.168.0.111
URL来源:
操作信息:{"name":"B627F9BA-A241-4571-A219-1709E886B8C1.jpg","type":"image\/jpeg","size":289406,"key":"file","ext":"jpg","md5":"caea0e96d1be9ff615d70a99e57c027c","sha1":"2b95802e7a9a0feb515351149ac43746da66b933","savename":"568146e68d0bb.jpg","savepath":".\/Temp\/"}

操作行为:上传文件成功
操作用户:
操作时间:2015-12-28 22:27:55
操作IP:192.168.0.111
URL来源:
操作信息:{"name":"B627F9BA-A241-4571-A219-1709E886B8C1.jpg","type":"image\/jpeg","size":289406,"key":"file","ext":"jpg","md5":"caea0e96d1be9ff615d70a99e57c027c","sha1":"2b95802e7a9a0feb515351149ac43746da66b933","savename":"568146eb80e86.jpg","savepath":".\/Temp\/"}

操作行为:上传文件成功
操作用户:
操作时间:2015-12-28 22:27:59
操作IP:192.168.0.111
URL来源:
操作信息:{"name":"B627F9BA-A241-4571-A219-1709E886B8C1.jpg","type":"image\/jpeg","size":289406,"key":"file","ext":"jpg","md5":"caea0e96d1be9ff615d70a99e57c027c","sha1":"2b95802e7a9a0feb515351149ac43746da66b933","savename":"568146ef72120.jpg","savepath":".\/Temp\/"}

操作行为:上传文件成功
操作用户:
操作时间:2015-12-28 23:04:05
操作IP:192.168.0.113
URL来源:
操作信息:{"name":"2D9DB7CD-7124-4BF7-95A1-300019123E1B.jpg","type":"image\/jpeg","size":15345,"key":"file","ext":"jpg","md5":"1c10dbb1aa5ea14adf98208144dfb45a","sha1":"3f868f362ee3ce18c1ea71a59643320ab72c7fff","savename":"56814f656f99f.jpg","savepath":".\/Temp\/"}

操作行为:文件移动成功
操作用户:
操作时间:2015-12-28 23:04:07
操作IP:192.168.0.113
URL来源:
操作信息:./Uploads/Images/User/20151228/56814f656f99f.jpg

操作行为:上传文件成功
操作用户:
操作时间:2015-12-28 23:07:00
操作IP:192.168.0.113
URL来源:
操作信息:{"name":"5ADBB27E-2E5E-4616-B3DA-712E937B7F35.jpg","type":"image\/jpeg","size":18795,"key":"file","ext":"jpg","md5":"eadf2014933d2f44b788eced941f0b29","sha1":"d0c0d85e2590f7e1fd8c83ab301864ecc7698cf3","savename":"568150148d258.jpg","savepath":".\/Temp\/"}

操作行为:文件移动成功
操作用户:
操作时间:2015-12-28 23:07:02
操作IP:192.168.0.113
URL来源:
操作信息:./Uploads/Images/User/20151228/568150148d258.jpg

操作行为:上传文件成功
操作用户:
操作时间:2015-12-28 23:08:29
操作IP:192.168.0.113
URL来源:
操作信息:{"name":"5A9CAD22-B35C-4BE7-BA0A-8876FA451D60.jpg","type":"image\/jpeg","size":13084,"key":"file","ext":"jpg","md5":"991e91cbd593c00b465afbcd800ccd08","sha1":"335716b56c1c8a5663a0a3ccd1004f9a97d8dba1","savename":"5681506d8d2b2.jpg","savepath":".\/Temp\/"}

操作行为:上传文件成功
操作用户:
操作时间:2015-12-28 23:08:46
操作IP:192.168.0.113
URL来源:
操作信息:{"name":"93A63635-2A65-43F4-A6A8-3625D98B4660.jpg","type":"image\/jpeg","size":17099,"key":"file","ext":"jpg","md5":"bf35ecd963d23f9e2aa4c8ec6245e588","sha1":"114420d93cffefe76f795a2844aa8e0343d92b1e","savename":"5681507eda508.jpg","savepath":".\/Temp\/"}

操作行为:文件移动成功
操作用户:
操作时间:2015-12-28 23:08:59
操作IP:192.168.0.113
URL来源:
操作信息:./Uploads/Images/User/20151228/5681507eda508.jpg

操作行为:上传文件成功
操作用户:
操作时间:2015-12-28 23:09:23
操作IP:192.168.0.113
URL来源:
操作信息:{"name":"72AEBE11-51B9-4A99-AB75-16B5FBF05A96.jpg","type":"image\/jpeg","size":17099,"key":"file","ext":"jpg","md5":"bf35ecd963d23f9e2aa4c8ec6245e588","sha1":"114420d93cffefe76f795a2844aa8e0343d92b1e","savename":"568150a3b3c44.jpg","savepath":".\/Temp\/"}

操作行为:文件移动成功
操作用户:
操作时间:2015-12-28 23:09:25
操作IP:192.168.0.113
URL来源:
操作信息:./Uploads/Images/User/20151228/568150a3b3c44.jpg

操作行为:上传文件成功
操作用户:
操作时间:2015-12-28 23:12:16
操作IP:192.168.0.113
URL来源:
操作信息:{"name":"C7A663E5-6D9B-4C37-962F-6BBBFCB1E2E2.jpg","type":"image\/jpeg","size":18795,"key":"file","ext":"jpg","md5":"eadf2014933d2f44b788eced941f0b29","sha1":"d0c0d85e2590f7e1fd8c83ab301864ecc7698cf3","savename":"56815150b6abb.jpg","savepath":".\/Temp\/"}

操作行为:文件移动成功
操作用户:
操作时间:2015-12-28 23:12:18
操作IP:192.168.0.113
URL来源:
操作信息:./Uploads/Images/User/20151228/56815150b6abb.jpg

操作行为:上传文件成功
操作用户:
操作时间:2015-12-28 23:14:35
操作IP:192.168.0.113
URL来源:
操作信息:{"name":"B4E5A669-19D0-424D-AEF0-C9641656A4A1.jpg","type":"image\/jpeg","size":15345,"key":"file","ext":"jpg","md5":"1c10dbb1aa5ea14adf98208144dfb45a","sha1":"3f868f362ee3ce18c1ea71a59643320ab72c7fff","savename":"568151db68c60.jpg","savepath":".\/Temp\/"}

操作行为:文件移动成功
操作用户:
操作时间:2015-12-28 23:14:40
操作IP:192.168.0.113
URL来源:
操作信息:./Uploads/Images/User/20151228/568151db68c60.jpg

操作行为:上传文件成功
操作用户:
操作时间:2015-12-28 23:15:11
操作IP:192.168.0.113
URL来源:
操作信息:{"name":"26F25E48-90B2-4F15-B32F-2C24FDA9C2D6.jpg","type":"image\/jpeg","size":11696,"key":"file","ext":"jpg","md5":"0293502ccd3791c6b9d3985b6521435b","sha1":"55d504b78dc347f3ca2bb194f9cf9ba9dcbba919","savename":"568151ff9671d.jpg","savepath":".\/Temp\/"}

操作行为:文件移动成功
操作用户:
操作时间:2015-12-28 23:15:17
操作IP:192.168.0.113
URL来源:
操作信息:./Uploads/Images/User/20151228/568151ff9671d.jpg

操作行为:上传文件成功
操作用户:
操作时间:2015-12-28 23:15:29
操作IP:192.168.0.113
URL来源:
操作信息:{"name":"402E1009-685D-4EF0-A2DB-6C5BAF7416CA.jpg","type":"image\/jpeg","size":13084,"key":"file","ext":"jpg","md5":"991e91cbd593c00b465afbcd800ccd08","sha1":"335716b56c1c8a5663a0a3ccd1004f9a97d8dba1","savename":"568152115b9c5.jpg","savepath":".\/Temp\/"}

操作行为:上传文件成功
操作用户:
操作时间:2015-12-28 23:19:45
操作IP:192.168.0.113
URL来源:
操作信息:{"name":"B1B591FF-BF52-4F67-B86F-A86057545765.jpg","type":"image\/jpeg","size":13084,"key":"file","ext":"jpg","md5":"991e91cbd593c00b465afbcd800ccd08","sha1":"335716b56c1c8a5663a0a3ccd1004f9a97d8dba1","savename":"568153114b2a4.jpg","savepath":".\/Temp\/"}

操作行为:文件移动成功
操作用户:
操作时间:2015-12-28 23:19:52
操作IP:192.168.0.113
URL来源:
操作信息:./Uploads/Images/User/20151228/568153114b2a4.jpg

操作行为:上传文件成功
操作用户:
操作时间:2015-12-28 23:21:44
操作IP:192.168.0.113
URL来源:
操作信息:{"name":"27CB2DCA-A139-4AF9-96AE-C5976590464C.jpg","type":"image\/jpeg","size":17099,"key":"file","ext":"jpg","md5":"bf35ecd963d23f9e2aa4c8ec6245e588","sha1":"114420d93cffefe76f795a2844aa8e0343d92b1e","savename":"56815388e56c6.jpg","savepath":".\/Temp\/"}

操作行为:文件移动成功
操作用户:
操作时间:2015-12-28 23:21:47
操作IP:192.168.0.113
URL来源:
操作信息:./Uploads/Images/User/20151228/56815388e56c6.jpg

操作行为:上传文件成功
操作用户:
操作时间:2015-12-28 23:31:06
操作IP:192.168.0.103
URL来源:
操作信息:{"name":"AE73170E-B0B7-4D16-B429-95C008BA6C66.jpg","type":"image\/jpeg","size":16014,"key":"file","ext":"jpg","md5":"dc306982c48f4734a3235b991a869c13","sha1":"b31961df34fd349c4cde8e535746169504f1c4e4","savename":"568155ba2aecb.jpg","savepath":".\/Temp\/"}

操作行为:文件移动成功
操作用户:
操作时间:2015-12-28 23:31:07
操作IP:192.168.0.103
URL来源:
操作信息:./Uploads/Images/User/20151228/568155ba2aecb.jpg

