[ 2015-12-13T23:40:23+08:00 ] ::1 /yanzhihui/?m=api&c=user&a=edit_notify
INFO: [ app_init ] --START--
INFO: Run Behavior\BuildLiteBehavior [ RunTime:0.000028s ]
INFO: [ app_init ] --END-- [ RunTime:0.000739s ]
INFO: [ app_begin ] --START--
INFO: Run Behavior\ReadHtmlCacheBehavior [ RunTime:0.000697s ]
INFO: Run Behavior\CheckLangBehavior [ RunTime:0.001448s ]
INFO: [ app_begin ] --END-- [ RunTime:0.002326s ]
SQL: SHOW COLUMNS FROM `xian_user` [ RunTime:0.0051s ]
SQL: UPDATE `xian_user` SET `nick_name`='小颜官方账号1' WHERE `id` = '' [ RunTime:0.0005s ]

[ 2015-12-13T23:41:05+08:00 ] ::1 /yanzhihui/?m=api&c=user&a=edit_notify
INFO: [ app_init ] --START--
INFO: Run Behavior\BuildLiteBehavior [ RunTime:0.000034s ]
INFO: [ app_init ] --END-- [ RunTime:0.000656s ]
INFO: [ app_begin ] --START--
INFO: Run Behavior\ReadHtmlCacheBehavior [ RunTime:0.000755s ]
INFO: Run Behavior\CheckLangBehavior [ RunTime:0.002339s ]
INFO: [ app_begin ] --END-- [ RunTime:0.003359s ]
SQL: SHOW COLUMNS FROM `xian_user` [ RunTime:0.0045s ]
SQL: SELECT * FROM `xian_user` WHERE `id` = '1'  [ RunTime:0.0007s ]

[ 2015-12-13T23:41:52+08:00 ] ::1 /yanzhihui/?m=api&c=user&a=edit_notify
INFO: [ app_init ] --START--
INFO: Run Behavior\BuildLiteBehavior [ RunTime:0.000025s ]
INFO: [ app_init ] --END-- [ RunTime:0.000513s ]
INFO: [ app_begin ] --START--
INFO: Run Behavior\ReadHtmlCacheBehavior [ RunTime:0.000581s ]
INFO: Run Behavior\CheckLangBehavior [ RunTime:0.001224s ]
INFO: [ app_begin ] --END-- [ RunTime:0.001970s ]
SQL: SHOW COLUMNS FROM `xian_user` [ RunTime:0.0039s ]
SQL: UPDATE `xian_user` SET `nick_name`='小颜官方账号1' WHERE `id` = '1' [ RunTime:0.0419s ]

[ 2015-12-13T23:42:12+08:00 ] ::1 /yanzhihui/?m=api&c=user&a=edit_notify
INFO: [ app_init ] --START--
INFO: Run Behavior\BuildLiteBehavior [ RunTime:0.000025s ]
INFO: [ app_init ] --END-- [ RunTime:0.000473s ]
INFO: [ app_begin ] --START--
INFO: Run Behavior\ReadHtmlCacheBehavior [ RunTime:0.000613s ]
INFO: Run Behavior\CheckLangBehavior [ RunTime:0.001302s ]
INFO: [ app_begin ] --END-- [ RunTime:0.002082s ]
SQL: SHOW COLUMNS FROM `xian_user` [ RunTime:0.0040s ]
SQL: UPDATE `xian_user` SET `comment_notify`='0' WHERE `id` = '1' [ RunTime:0.0015s ]

[ 2015-12-13T23:42:44+08:00 ] ::1 /yanzhihui/?m=api&c=user&a=edit_notify
INFO: [ app_init ] --START--
INFO: Run Behavior\BuildLiteBehavior [ RunTime:0.000037s ]
INFO: [ app_init ] --END-- [ RunTime:0.000587s ]
INFO: [ app_begin ] --START--
INFO: Run Behavior\ReadHtmlCacheBehavior [ RunTime:0.000447s ]
INFO: Run Behavior\CheckLangBehavior [ RunTime:0.000978s ]
INFO: [ app_begin ] --END-- [ RunTime:0.001616s ]
SQL: SHOW COLUMNS FROM `xian_user` [ RunTime:0.0046s ]
SQL: UPDATE `xian_user` SET `letter_notify`='1' WHERE `id` = '1' [ RunTime:0.0196s ]

[ 2015-12-13T23:42:51+08:00 ] ::1 /yanzhihui/?m=api&c=user&a=edit_notify
INFO: [ app_init ] --START--
INFO: Run Behavior\BuildLiteBehavior [ RunTime:0.000024s ]
INFO: [ app_init ] --END-- [ RunTime:0.000474s ]
INFO: [ app_begin ] --START--
INFO: Run Behavior\ReadHtmlCacheBehavior [ RunTime:0.000620s ]
INFO: Run Behavior\CheckLangBehavior [ RunTime:0.002009s ]
INFO: [ app_begin ] --END-- [ RunTime:0.002820s ]
SQL: SHOW COLUMNS FROM `xian_user` [ RunTime:0.0042s ]
SQL: UPDATE `xian_user` SET `letter_notify`='0' WHERE `id` = '1' [ RunTime:0.0018s ]

[ 2015-12-13T23:42:56+08:00 ] ::1 /yanzhihui/?m=api&c=user&a=edit_notify
INFO: [ app_init ] --START--
INFO: Run Behavior\BuildLiteBehavior [ RunTime:0.000025s ]
INFO: [ app_init ] --END-- [ RunTime:0.000477s ]
INFO: [ app_begin ] --START--
INFO: Run Behavior\ReadHtmlCacheBehavior [ RunTime:0.000487s ]
INFO: Run Behavior\CheckLangBehavior [ RunTime:0.001147s ]
INFO: [ app_begin ] --END-- [ RunTime:0.001800s ]
SQL: SHOW COLUMNS FROM `xian_user` [ RunTime:0.0038s ]
SQL: UPDATE `xian_user` SET `letter_notify`='1' WHERE `id` = '1' [ RunTime:0.0131s ]

[ 2015-12-13T23:43:01+08:00 ] ::1 /yanzhihui/?m=api&c=user&a=edit_notify
INFO: [ app_init ] --START--
INFO: Run Behavior\BuildLiteBehavior [ RunTime:0.000033s ]
INFO: [ app_init ] --END-- [ RunTime:0.000687s ]
INFO: [ app_begin ] --START--
INFO: Run Behavior\ReadHtmlCacheBehavior [ RunTime:0.000779s ]
INFO: Run Behavior\CheckLangBehavior [ RunTime:0.002972s ]
INFO: [ app_begin ] --END-- [ RunTime:0.004029s ]
SQL: SHOW COLUMNS FROM `xian_user` [ RunTime:0.0039s ]
SQL: UPDATE `xian_user` SET `trace_notify`='1' WHERE `id` = '1' [ RunTime:0.0019s ]

[ 2015-12-13T23:43:20+08:00 ] ::1 /yanzhihui/?m=api&c=user&a=edit_notify
INFO: [ app_init ] --START--
INFO: Run Behavior\BuildLiteBehavior [ RunTime:0.000024s ]
INFO: [ app_init ] --END-- [ RunTime:0.000466s ]
INFO: [ app_begin ] --START--
INFO: Run Behavior\ReadHtmlCacheBehavior [ RunTime:0.000514s ]
INFO: Run Behavior\CheckLangBehavior [ RunTime:0.001098s ]
INFO: [ app_begin ] --END-- [ RunTime:0.001777s ]
SQL: SHOW COLUMNS FROM `xian_user` [ RunTime:0.0040s ]
SQL: UPDATE `xian_user` SET `comment_notify`='1' WHERE `id` = '1' [ RunTime:0.0217s ]

[ 2015-12-13T23:43:36+08:00 ] ::1 /yanzhihui/?m=api&c=user&a=edit_notify
INFO: [ app_init ] --START--
INFO: Run Behavior\BuildLiteBehavior [ RunTime:0.000025s ]
INFO: [ app_init ] --END-- [ RunTime:0.000489s ]
INFO: [ app_begin ] --START--
INFO: Run Behavior\ReadHtmlCacheBehavior [ RunTime:0.000549s ]
INFO: Run Behavior\CheckLangBehavior [ RunTime:0.001200s ]
INFO: [ app_begin ] --END-- [ RunTime:0.001916s ]
SQL: SHOW COLUMNS FROM `xian_user` [ RunTime:0.0042s ]
SQL: UPDATE `xian_user` SET `letter_notify`='0' WHERE `id` = '1' [ RunTime:0.0140s ]

[ 2015-12-13T23:43:42+08:00 ] ::1 /yanzhihui/?m=api&c=user&a=edit_notify
INFO: [ app_init ] --START--
INFO: Run Behavior\BuildLiteBehavior [ RunTime:0.000024s ]
INFO: [ app_init ] --END-- [ RunTime:0.000500s ]
INFO: [ app_begin ] --START--
INFO: Run Behavior\ReadHtmlCacheBehavior [ RunTime:0.000505s ]
INFO: Run Behavior\CheckLangBehavior [ RunTime:0.001120s ]
INFO: [ app_begin ] --END-- [ RunTime:0.001791s ]
SQL: SHOW COLUMNS FROM `xian_user` [ RunTime:0.0050s ]
SQL: UPDATE `xian_user` SET `letter_notify`='0' WHERE `id` = '1' [ RunTime:0.0013s ]

[ 2015-12-13T23:43:47+08:00 ] ::1 /yanzhihui/?m=api&c=user&a=edit_notify
INFO: [ app_init ] --START--
INFO: Run Behavior\BuildLiteBehavior [ RunTime:0.000034s ]
INFO: [ app_init ] --END-- [ RunTime:0.000450s ]
INFO: [ app_begin ] --START--
INFO: Run Behavior\ReadHtmlCacheBehavior [ RunTime:0.001125s ]
INFO: Run Behavior\CheckLangBehavior [ RunTime:0.001387s ]
INFO: [ app_begin ] --END-- [ RunTime:0.002740s ]
SQL: SHOW COLUMNS FROM `xian_user` [ RunTime:0.0047s ]
SQL: UPDATE `xian_user` SET `letter_notify`='1' WHERE `id` = '1' [ RunTime:0.0013s ]

