[ 2015-12-19T10:11:45+08:00 ] ::1 /yanzhihui/?m=api&c=user&a=sendsms&type=register&telephone=13580389054
INFO: [ app_init ] --START--
INFO: Run Behavior\BuildLiteBehavior [ RunTime:0.000000s ]
INFO: [ app_init ] --END-- [ RunTime:0.002000s ]
INFO: [ app_begin ] --START--
INFO: Run Behavior\ReadHtmlCacheBehavior [ RunTime:0.002000s ]
INFO: Run Behavior\CheckLangBehavior [ RunTime:0.015001s ]
INFO: [ app_begin ] --END-- [ RunTime:0.017001s ]

[ 2015-12-19T10:14:22+08:00 ] ::1 /yanzhihui/?m=api&c=user&a=sendsms&type=register&telephone=13580389054
INFO: [ app_init ] --START--
INFO: Run Behavior\BuildLiteBehavior [ RunTime:0.000000s ]
INFO: [ app_init ] --END-- [ RunTime:0.000000s ]
INFO: [ app_begin ] --START--
INFO: Run Behavior\ReadHtmlCacheBehavior [ RunTime:0.001000s ]
INFO: Run Behavior\CheckLangBehavior [ RunTime:0.002000s ]
INFO: [ app_begin ] --END-- [ RunTime:0.003000s ]

[ 2015-12-19T10:15:18+08:00 ] ::1 /yanzhihui/?m=api&c=user&a=sendsms&type=register&telephone=13580389054
INFO: [ app_init ] --START--
INFO: Run Behavior\BuildLiteBehavior [ RunTime:0.000000s ]
INFO: [ app_init ] --END-- [ RunTime:0.001000s ]
INFO: [ app_begin ] --START--
INFO: Run Behavior\ReadHtmlCacheBehavior [ RunTime:0.001000s ]
INFO: Run Behavior\CheckLangBehavior [ RunTime:0.000000s ]
INFO: [ app_begin ] --END-- [ RunTime:0.001000s ]

[ 2015-12-19T10:15:33+08:00 ] ::1 /yanzhihui/?m=api&c=user&a=sendsms&type=register&telephone=13580389054
INFO: [ app_init ] --START--
INFO: Run Behavior\BuildLiteBehavior [ RunTime:0.000000s ]
INFO: [ app_init ] --END-- [ RunTime:0.000000s ]
INFO: [ app_begin ] --START--
INFO: Run Behavior\ReadHtmlCacheBehavior [ RunTime:0.001000s ]
INFO: Run Behavior\CheckLangBehavior [ RunTime:0.001000s ]
INFO: [ app_begin ] --END-- [ RunTime:0.002000s ]

[ 2015-12-19T10:17:20+08:00 ] ::1 /yanzhihui/?m=api&c=user&a=sendsms&type=register&telephone=13580389054
INFO: [ app_init ] --START--
INFO: Run Behavior\BuildLiteBehavior [ RunTime:0.000000s ]
INFO: [ app_init ] --END-- [ RunTime:0.000000s ]
INFO: [ app_begin ] --START--
INFO: Run Behavior\ReadHtmlCacheBehavior [ RunTime:0.001000s ]
INFO: Run Behavior\CheckLangBehavior [ RunTime:0.000000s ]
INFO: [ app_begin ] --END-- [ RunTime:0.001000s ]

[ 2015-12-19T10:20:49+08:00 ] ::1 /yanzhihui/?m=api&c=user&a=register&telephone=13580389054&password=123&client_system=1&captcha=658105
INFO: [ app_init ] --START--
INFO: Run Behavior\BuildLiteBehavior [ RunTime:0.000000s ]
INFO: [ app_init ] --END-- [ RunTime:0.001000s ]
INFO: [ app_begin ] --START--
INFO: Run Behavior\ReadHtmlCacheBehavior [ RunTime:0.001000s ]
INFO: Run Behavior\CheckLangBehavior [ RunTime:0.001000s ]
INFO: [ app_begin ] --END-- [ RunTime:0.003000s ]
SQL: SHOW COLUMNS FROM `xian_user` [ RunTime:0.0030s ]

[ 2015-12-19T10:22:07+08:00 ] ::1 /yanzhihui/?m=api&c=user&a=register&telephone=13580389054&password=123&client_system=1&captcha=658105
INFO: [ app_init ] --START--
INFO: Run Behavior\BuildLiteBehavior [ RunTime:0.000000s ]
INFO: [ app_init ] --END-- [ RunTime:0.000000s ]
INFO: [ app_begin ] --START--
INFO: Run Behavior\ReadHtmlCacheBehavior [ RunTime:0.001000s ]
INFO: Run Behavior\CheckLangBehavior [ RunTime:0.001000s ]
INFO: [ app_begin ] --END-- [ RunTime:0.002000s ]

[ 2015-12-19T10:22:35+08:00 ] ::1 /yanzhihui/?m=api&c=user&a=register&telephone=13580389054&password=123&client_system=1&captcha=658105
INFO: [ app_init ] --START--
INFO: Run Behavior\BuildLiteBehavior [ RunTime:0.000000s ]
INFO: [ app_init ] --END-- [ RunTime:0.000000s ]
INFO: [ app_begin ] --START--
INFO: Run Behavior\ReadHtmlCacheBehavior [ RunTime:0.000000s ]
INFO: Run Behavior\CheckLangBehavior [ RunTime:0.002001s ]
INFO: [ app_begin ] --END-- [ RunTime:0.002001s ]
SQL: SHOW COLUMNS FROM `xian_user` [ RunTime:0.0030s ]

[ 2015-12-19T10:22:49+08:00 ] ::1 /yanzhihui/?m=api&c=user&a=register&telephone=13580389054&password=123&client_system=1&captcha=658105
INFO: [ app_init ] --START--
INFO: Run Behavior\BuildLiteBehavior [ RunTime:0.000000s ]
INFO: [ app_init ] --END-- [ RunTime:0.001000s ]
INFO: [ app_begin ] --START--
INFO: Run Behavior\ReadHtmlCacheBehavior [ RunTime:0.000000s ]
INFO: Run Behavior\CheckLangBehavior [ RunTime:0.001000s ]
INFO: [ app_begin ] --END-- [ RunTime:0.001000s ]
SQL: SHOW COLUMNS FROM `xian_user` [ RunTime:0.0040s ]

[ 2015-12-19T10:23:57+08:00 ] ::1 /yanzhihui/?m=api&c=user&a=register&telephone=13580389054&password=123&client_system=1&captcha=658105
INFO: [ app_init ] --START--
INFO: Run Behavior\BuildLiteBehavior [ RunTime:0.000000s ]
INFO: [ app_init ] --END-- [ RunTime:0.000000s ]
INFO: [ app_begin ] --START--
INFO: Run Behavior\ReadHtmlCacheBehavior [ RunTime:0.001000s ]
INFO: Run Behavior\CheckLangBehavior [ RunTime:0.001001s ]
INFO: [ app_begin ] --END-- [ RunTime:0.002001s ]

[ 2015-12-19T10:26:06+08:00 ] ::1 /yanzhihui/?m=api&c=user&a=register&telephone=13580389054&password=123&client_system=1&captcha=658105
INFO: [ app_init ] --START--
INFO: Run Behavior\BuildLiteBehavior [ RunTime:0.000000s ]
INFO: [ app_init ] --END-- [ RunTime:0.001000s ]
INFO: [ app_begin ] --START--
INFO: Run Behavior\ReadHtmlCacheBehavior [ RunTime:0.001001s ]
INFO: Run Behavior\CheckLangBehavior [ RunTime:0.001000s ]
INFO: [ app_begin ] --END-- [ RunTime:0.002001s ]
SQL: SHOW COLUMNS FROM `xian_user` [ RunTime:0.0030s ]

[ 2015-12-19T10:26:28+08:00 ] ::1 /yanzhihui/?m=api&c=user&a=register&telephone=13580389054&password=123&client_system=1&captcha=658105
INFO: [ app_init ] --START--
INFO: Run Behavior\BuildLiteBehavior [ RunTime:0.000000s ]
INFO: [ app_init ] --END-- [ RunTime:0.000000s ]
INFO: [ app_begin ] --START--
INFO: Run Behavior\ReadHtmlCacheBehavior [ RunTime:0.000000s ]
INFO: Run Behavior\CheckLangBehavior [ RunTime:0.001000s ]
INFO: [ app_begin ] --END-- [ RunTime:0.001000s ]
SQL: SHOW COLUMNS FROM `xian_user` [ RunTime:0.0030s ]

[ 2015-12-19T10:26:39+08:00 ] ::1 /yanzhihui/?m=api&c=user&a=register&telephone=13580389054&password=123&client_system=1&captcha=658105
INFO: [ app_init ] --START--
INFO: Run Behavior\BuildLiteBehavior [ RunTime:0.000000s ]
INFO: [ app_init ] --END-- [ RunTime:0.000000s ]
INFO: [ app_begin ] --START--
INFO: Run Behavior\ReadHtmlCacheBehavior [ RunTime:0.001000s ]
INFO: Run Behavior\CheckLangBehavior [ RunTime:0.001000s ]
INFO: [ app_begin ] --END-- [ RunTime:0.002000s ]
SQL: SHOW COLUMNS FROM `xian_user` [ RunTime:0.0030s ]

[ 2015-12-19T10:26:47+08:00 ] ::1 /yanzhihui/?m=api&c=user&a=register&telephone=13580389054&password=123&client_system=1&captcha=658105
INFO: [ app_init ] --START--
INFO: Run Behavior\BuildLiteBehavior [ RunTime:0.000000s ]
INFO: [ app_init ] --END-- [ RunTime:0.000000s ]
INFO: [ app_begin ] --START--
INFO: Run Behavior\ReadHtmlCacheBehavior [ RunTime:0.001000s ]
INFO: Run Behavior\CheckLangBehavior [ RunTime:0.001000s ]
INFO: [ app_begin ] --END-- [ RunTime:0.002000s ]
SQL: SHOW COLUMNS FROM `xian_user` [ RunTime:0.0020s ]

[ 2015-12-19T10:27:10+08:00 ] ::1 /yanzhihui/?m=api&c=user&a=register&telephone=13580389054&password=123&client_system=1&captcha=658105
INFO: [ app_init ] --START--
INFO: Run Behavior\BuildLiteBehavior [ RunTime:0.000000s ]
INFO: [ app_init ] --END-- [ RunTime:0.000000s ]
INFO: [ app_begin ] --START--
INFO: Run Behavior\ReadHtmlCacheBehavior [ RunTime:0.000000s ]
INFO: Run Behavior\CheckLangBehavior [ RunTime:0.002000s ]
INFO: [ app_begin ] --END-- [ RunTime:0.002000s ]
SQL: SHOW COLUMNS FROM `xian_user` [ RunTime:0.0030s ]

[ 2015-12-19T10:27:49+08:00 ] ::1 /yanzhihui/?m=api&c=user&a=register&telephone=13580389054&password=123&client_system=1&captcha=658105
INFO: [ app_init ] --START--
INFO: Run Behavior\BuildLiteBehavior [ RunTime:0.000000s ]
INFO: [ app_init ] --END-- [ RunTime:0.001000s ]
INFO: [ app_begin ] --START--
INFO: Run Behavior\ReadHtmlCacheBehavior [ RunTime:0.000000s ]
INFO: Run Behavior\CheckLangBehavior [ RunTime:0.002000s ]
INFO: [ app_begin ] --END-- [ RunTime:0.002000s ]
SQL: SHOW COLUMNS FROM `xian_user` [ RunTime:0.0030s ]
ERR: SQLSTATE[HY000]: General error: 1364 Field 'user_type' doesn't have a default value

[ 2015-12-19T10:31:38+08:00 ] ::1 /yanzhihui/?m=api&c=user&a=register&telephone=13580389054&password=123&client_system=1&captcha=658105
INFO: [ app_init ] --START--
INFO: Run Behavior\BuildLiteBehavior [ RunTime:0.000000s ]
INFO: [ app_init ] --END-- [ RunTime:0.001000s ]
INFO: [ app_begin ] --START--
INFO: Run Behavior\ReadHtmlCacheBehavior [ RunTime:0.001001s ]
INFO: Run Behavior\CheckLangBehavior [ RunTime:0.002000s ]
INFO: [ app_begin ] --END-- [ RunTime:0.003001s ]
SQL: SHOW COLUMNS FROM `xian_user` [ RunTime:0.0030s ]
ERR: SQLSTATE[HY000]: General error: 1364 Field 'open_id' doesn't have a default value

[ 2015-12-19T10:44:05+08:00 ] ::1 /yanzhihui/?m=api&c=user&a=register&telephone=13580389054&password=123&client_system=1&captcha=658105
INFO: [ app_init ] --START--
INFO: Run Behavior\BuildLiteBehavior [ RunTime:0.000000s ]
INFO: [ app_init ] --END-- [ RunTime:0.001000s ]
INFO: [ app_begin ] --START--
INFO: Run Behavior\ReadHtmlCacheBehavior [ RunTime:0.000000s ]
INFO: Run Behavior\CheckLangBehavior [ RunTime:0.001000s ]
INFO: [ app_begin ] --END-- [ RunTime:0.001000s ]
SQL: SHOW COLUMNS FROM `xian_user` [ RunTime:0.0030s ]
SQL: INSERT INTO `xian_user` (`telephone`,`password`,`client_system`,`push_id`,`create_time`,`user_type`) VALUES ('','d41d8cd98f00b204e9800998ecf8427e','0','','1450493045','0') [ RunTime:0.0950s ]

[ 2015-12-19T10:46:38+08:00 ] ::1 /yanzhihui/?m=api&c=user&a=register&telephone=13580389054&password=123&client_system=1&captcha=658105
INFO: [ app_init ] --START--
INFO: Run Behavior\BuildLiteBehavior [ RunTime:0.000000s ]
INFO: [ app_init ] --END-- [ RunTime:0.001000s ]
INFO: [ app_begin ] --START--
INFO: Run Behavior\ReadHtmlCacheBehavior [ RunTime:0.000000s ]
INFO: Run Behavior\CheckLangBehavior [ RunTime:0.002001s ]
INFO: [ app_begin ] --END-- [ RunTime:0.002001s ]
SQL: SHOW COLUMNS FROM `xian_user` [ RunTime:0.0030s ]
SQL: INSERT INTO `xian_user` (`telephone`,`password`,`client_system`,`push_id`,`create_time`,`user_type`) VALUES ('','d41d8cd98f00b204e9800998ecf8427e','0','','1450493198','0') [ RunTime:0.0920s ]

[ 2015-12-19T10:47:21+08:00 ] ::1 /yanzhihui/?m=api&c=user&a=register&telephone=13580389054&password=123&client_system=1&captcha=658105
INFO: [ app_init ] --START--
INFO: Run Behavior\BuildLiteBehavior [ RunTime:0.000000s ]
INFO: [ app_init ] --END-- [ RunTime:0.001001s ]
INFO: [ app_begin ] --START--
INFO: Run Behavior\ReadHtmlCacheBehavior [ RunTime:0.001000s ]
INFO: Run Behavior\CheckLangBehavior [ RunTime:0.001000s ]
INFO: [ app_begin ] --END-- [ RunTime:0.002000s ]
SQL: SHOW COLUMNS FROM `xian_user` [ RunTime:0.0020s ]

[ 2015-12-19T10:47:45+08:00 ] ::1 /yanzhihui/?m=api&c=user&a=register&telephone=13580389054&password=123&client_system=1&captcha=658105
INFO: [ app_init ] --START--
INFO: Run Behavior\BuildLiteBehavior [ RunTime:0.000000s ]
INFO: [ app_init ] --END-- [ RunTime:0.001000s ]
INFO: [ app_begin ] --START--
INFO: Run Behavior\ReadHtmlCacheBehavior [ RunTime:0.001000s ]
INFO: Run Behavior\CheckLangBehavior [ RunTime:0.001000s ]
INFO: [ app_begin ] --END-- [ RunTime:0.002000s ]
SQL: SHOW COLUMNS FROM `xian_user` [ RunTime:0.0040s ]

[ 2015-12-19T10:48:23+08:00 ] ::1 /yanzhihui/?m=api&c=user&a=register&telephone=13580389054&password=123&client_system=1&captcha=658105
INFO: [ app_init ] --START--
INFO: Run Behavior\BuildLiteBehavior [ RunTime:0.000000s ]
INFO: [ app_init ] --END-- [ RunTime:0.001000s ]
INFO: [ app_begin ] --START--
INFO: Run Behavior\ReadHtmlCacheBehavior [ RunTime:0.000000s ]
INFO: Run Behavior\CheckLangBehavior [ RunTime:0.000000s ]
INFO: [ app_begin ] --END-- [ RunTime:0.002000s ]
SQL: SHOW COLUMNS FROM `xian_user` [ RunTime:0.0030s ]

[ 2015-12-19T10:53:19+08:00 ] ::1 /yanzhihui/?m=api&c=user&a=register
INFO: [ app_init ] --START--
INFO: Run Behavior\BuildLiteBehavior [ RunTime:0.000000s ]
INFO: [ app_init ] --END-- [ RunTime:0.001000s ]
INFO: [ app_begin ] --START--
INFO: Run Behavior\ReadHtmlCacheBehavior [ RunTime:0.000000s ]
INFO: Run Behavior\CheckLangBehavior [ RunTime:0.002000s ]
INFO: [ app_begin ] --END-- [ RunTime:0.002000s ]
SQL: SHOW COLUMNS FROM `xian_user` [ RunTime:0.0040s ]

[ 2015-12-19T10:54:42+08:00 ] ::1 /yanzhihui/?m=api&c=user&a=register
INFO: [ app_init ] --START--
INFO: Run Behavior\BuildLiteBehavior [ RunTime:0.000000s ]
INFO: [ app_init ] --END-- [ RunTime:0.000000s ]
INFO: [ app_begin ] --START--
INFO: Run Behavior\ReadHtmlCacheBehavior [ RunTime:0.000000s ]
INFO: Run Behavior\CheckLangBehavior [ RunTime:0.001000s ]
INFO: [ app_begin ] --END-- [ RunTime:0.002000s ]
SQL: SHOW COLUMNS FROM `xian_user` [ RunTime:0.0040s ]
SQL: INSERT INTO `xian_user` (`telephone`,`password`,`client_system`,`push_id`,`create_time`,`user_type`) VALUES ('13580389054','202cb962ac59075b964b07152d234b70','1','','1450493682','0') [ RunTime:0.1210s ]

[ 2015-12-19T10:55:40+08:00 ] ::1 /yanzhihui/?m=api&c=user&a=register
INFO: [ app_init ] --START--
INFO: Run Behavior\BuildLiteBehavior [ RunTime:0.000000s ]
INFO: [ app_init ] --END-- [ RunTime:0.001000s ]
INFO: [ app_begin ] --START--
INFO: Run Behavior\ReadHtmlCacheBehavior [ RunTime:0.000000s ]
INFO: Run Behavior\CheckLangBehavior [ RunTime:0.002000s ]
INFO: [ app_begin ] --END-- [ RunTime:0.002000s ]
SQL: SHOW COLUMNS FROM `xian_user` [ RunTime:0.0030s ]
SQL: INSERT INTO `xian_user` (`telephone`,`password`,`client_system`,`push_id`,`create_time`,`user_type`) VALUES ('13580389054','202cb962ac59075b964b07152d234b70','1','','1450493740','0') [ RunTime:0.0800s ]
NOTIC: [8] Undefined index: entities D:\software\apache24\htdocs\yanzhihui\Application\Api\Model\UserModel.class.php 第 200 行.

[ 2015-12-19T10:57:32+08:00 ] ::1 /yanzhihui/?m=api&c=user&a=register
INFO: [ app_init ] --START--
INFO: Run Behavior\BuildLiteBehavior [ RunTime:0.000000s ]
INFO: [ app_init ] --END-- [ RunTime:0.000000s ]
INFO: [ app_begin ] --START--
INFO: Run Behavior\ReadHtmlCacheBehavior [ RunTime:0.001000s ]
INFO: Run Behavior\CheckLangBehavior [ RunTime:0.001000s ]
INFO: [ app_begin ] --END-- [ RunTime:0.002000s ]
SQL: SHOW COLUMNS FROM `xian_user` [ RunTime:0.0030s ]
SQL: INSERT INTO `xian_user` (`telephone`,`password`,`client_system`,`push_id`,`create_time`,`user_type`) VALUES ('13580389054','202cb962ac59075b964b07152d234b70','1','','1450493843','0') [ RunTime:0.0670s ]
NOTIC: [8] Undefined index: entities D:\software\apache24\htdocs\yanzhihui\Application\Api\Model\UserModel.class.php 第 200 行.

[ 2015-12-19T11:05:24+08:00 ] ::1 /yanzhihui/?m=api&c=user&a=register
INFO: [ app_init ] --START--
INFO: Run Behavior\BuildLiteBehavior [ RunTime:0.001000s ]
INFO: [ app_init ] --END-- [ RunTime:0.001000s ]
INFO: [ app_begin ] --START--
INFO: Run Behavior\ReadHtmlCacheBehavior [ RunTime:0.001000s ]
INFO: Run Behavior\CheckLangBehavior [ RunTime:0.002000s ]
INFO: [ app_begin ] --END-- [ RunTime:0.003000s ]
SQL: SHOW COLUMNS FROM `xian_user` [ RunTime:0.0040s ]
SQL: INSERT INTO `xian_user` (`telephone`,`password`,`client_system`,`push_id`,`create_time`,`user_type`) VALUES ('13580389054','202cb962ac59075b964b07152d234b70','1','','1450494323','0') [ RunTime:0.1010s ]

[ 2015-12-19T11:12:11+08:00 ] ::1 /yanzhihui/?m=api&c=user&a=register
INFO: [ app_init ] --START--
INFO: Run Behavior\BuildLiteBehavior [ RunTime:0.000000s ]
INFO: [ app_init ] --END-- [ RunTime:0.001000s ]
INFO: [ app_begin ] --START--
INFO: Run Behavior\ReadHtmlCacheBehavior [ RunTime:0.000000s ]
INFO: Run Behavior\CheckLangBehavior [ RunTime:0.001000s ]
INFO: [ app_begin ] --END-- [ RunTime:0.002000s ]
SQL: SHOW COLUMNS FROM `xian_user` [ RunTime:0.0030s ]
SQL: INSERT INTO `xian_user` (`telephone`,`password`,`client_system`,`push_id`,`create_time`,`user_type`) VALUES ('13580389054','202cb962ac59075b964b07152d234b70','1','','1450494731','0') [ RunTime:0.0750s ]

[ 2015-12-19T11:15:42+08:00 ] ::1 /yanzhihui/?m=api&c=user&a=register
INFO: [ app_init ] --START--
INFO: Run Behavior\BuildLiteBehavior [ RunTime:0.000000s ]
INFO: [ app_init ] --END-- [ RunTime:0.001000s ]
INFO: [ app_begin ] --START--
INFO: Run Behavior\ReadHtmlCacheBehavior [ RunTime:0.001000s ]
INFO: Run Behavior\CheckLangBehavior [ RunTime:0.002000s ]
INFO: [ app_begin ] --END-- [ RunTime:0.003000s ]
SQL: SHOW COLUMNS FROM `xian_user` [ RunTime:0.0060s ]
SQL: INSERT INTO `xian_user` (`telephone`,`password`,`client_system`,`push_id`,`create_time`,`user_type`) VALUES ('13580389054','202cb962ac59075b964b07152d234b70','1','','1450494941','0') [ RunTime:0.0860s ]
SQL: UPDATE `xian_user` SET `IM_uuid`='c5be08ba-a5fe-11e5-9793-93f97ad9df1c',`IM_username`='yanzhihui_04150',`IM_password`='10585021',`display`='1' WHERE `id` = '4150' [ RunTime:0.0310s ]

[ 2015-12-19T11:16:58+08:00 ] ::1 /yanzhihui/?m=api&c=user&a=register
INFO: [ app_init ] --START--
INFO: Run Behavior\BuildLiteBehavior [ RunTime:0.000000s ]
INFO: [ app_init ] --END-- [ RunTime:0.000000s ]
INFO: [ app_begin ] --START--
INFO: Run Behavior\ReadHtmlCacheBehavior [ RunTime:0.001000s ]
INFO: Run Behavior\CheckLangBehavior [ RunTime:0.001000s ]
INFO: [ app_begin ] --END-- [ RunTime:0.003000s ]
SQL: SHOW COLUMNS FROM `xian_user` [ RunTime:0.0050s ]
SQL: INSERT INTO `xian_user` (`telephone`,`password`,`client_system`,`push_id`,`create_time`,`user_type`) VALUES ('13580389054','202cb962ac59075b964b07152d234b70','1','','1450495016','0') [ RunTime:0.1060s ]
SQL: UPDATE `xian_user` SET `IM_uuid`='f2fdbe6a-a5fe-11e5-bf53-bdf30527e57c',`IM_username`='yanzhihui_04151',`IM_password`='89392700',`display`='1' WHERE `id` = '4151' [ RunTime:0.0420s ]
NOTIC: [2] unlink(./Logs/Runtime/Temp/d9367aa0302f000bc483310eec49c9f6.php): No such file or directory D:\software\apache24\htdocs\yanzhihui\Public\ThinkPHP\Library\Think\Cache\Driver\File.class.php 第 157 行.
NOTIC: [2] unlink(./Logs/Runtime/Temp/eec13b5a7bd4b1e49cb16bad7e903ecd.php): No such file or directory D:\software\apache24\htdocs\yanzhihui\Public\ThinkPHP\Library\Think\Cache\Driver\File.class.php 第 157 行.
SQL: SHOW COLUMNS FROM `xian_user` [ RunTime:0.0080s ]
SQL: SELECT COUNT(*) AS tp_count FROM `xian_user` WHERE `telephone` = '13580389054' AND `status` = 1 AND `display` = 1 LIMIT 1   [ RunTime:0.0000s ]
SQL: SELECT `password` FROM `xian_user` WHERE `telephone` = '13580389054' AND `status` = 1 AND `display` = 1 LIMIT 1   [ RunTime:0.0000s ]
SQL: UPDATE `xian_user` SET `client_system`='1',`push_id`='',`auth_token`='aGVmYJqcmmZnnA==' WHERE `telephone` = '13580389054' AND `status` = 1 AND `display` = 1 [ RunTime:0.0590s ]
SQL: SELECT `id`,`telephone`,`nick_name`,`sex`,`upfile_head`,`description`,`province`,`city`,`upfile_head_auth`,`upfile_head_auth_type`,`IM_username`,`IM_password`,`like_count`,`like_now_count`,`like_consume_count`,`attention_count`,`fans_count`,`auth_token`,`comment_notify`,`get_gold_notify`,`trace_notify`,`letter_notify`,`top_times`,`top_best`,`chat_level`,`chat_value` FROM `xian_user` WHERE `telephone` = '13580389054' AND `status` = 1 AND `display` = 1 LIMIT 1   [ RunTime:0.0010s ]

[ 2015-12-19T15:13:18+08:00 ] ::1 /yanzhihui/?m=api&c=shop&a=index
INFO: [ app_init ] --START--
INFO: Run Behavior\BuildLiteBehavior [ RunTime:0.000000s ]
INFO: [ app_init ] --END-- [ RunTime:0.000000s ]
INFO: [ app_begin ] --START--
INFO: Run Behavior\ReadHtmlCacheBehavior [ RunTime:0.001000s ]
INFO: Run Behavior\CheckLangBehavior [ RunTime:0.001000s ]
INFO: [ app_begin ] --END-- [ RunTime:0.002000s ]
SQL: SHOW COLUMNS FROM `xian_shop` [ RunTime:0.0170s ]
ERR: SQLSTATE[42000]: Syntax error or access violation: 1305 FUNCTION yanzhihui.fun_distance does not exist

[ 2015-12-19T15:13:55+08:00 ] ::1 /yanzhihui/?m=api&c=shop&a=index
INFO: [ app_init ] --START--
INFO: Run Behavior\BuildLiteBehavior [ RunTime:0.000000s ]
INFO: [ app_init ] --END-- [ RunTime:0.001000s ]
INFO: [ app_begin ] --START--
INFO: Run Behavior\ReadHtmlCacheBehavior [ RunTime:0.001000s ]
INFO: Run Behavior\CheckLangBehavior [ RunTime:0.001000s ]
INFO: [ app_begin ] --END-- [ RunTime:0.002000s ]
SQL: SHOW COLUMNS FROM `xian_shop` [ RunTime:0.0030s ]
ERR: SQLSTATE[42S22]: Column not found: 1054 Unknown column 'distance_for_me' in 'order clause'

[ 2015-12-19T15:14:27+08:00 ] ::1 /yanzhihui/?m=api&c=shop&a=index
INFO: [ app_init ] --START--
INFO: Run Behavior\BuildLiteBehavior [ RunTime:0.000000s ]
INFO: [ app_init ] --END-- [ RunTime:0.001000s ]
INFO: [ app_begin ] --START--
INFO: Run Behavior\ReadHtmlCacheBehavior [ RunTime:0.001000s ]
INFO: Run Behavior\CheckLangBehavior [ RunTime:0.001000s ]
INFO: [ app_begin ] --END-- [ RunTime:0.002000s ]
SQL: SHOW COLUMNS FROM `xian_shop` [ RunTime:0.0040s ]
SQL: SELECT `id`,`title`,`address`,`upfile`,0 as want_count,0 as is_want FROM `xian_shop` WHERE `status` = 1 AND `display` = 1 ORDER BY id desc LIMIT 500   [ RunTime:0.1110s ]
SQL: SHOW COLUMNS FROM `xian_shop_coupon` [ RunTime:0.0230s ]
SQL: SELECT `shop_id`,id as coupon_id,title as coupon_title,`coupon_type`,`coupon_worth` FROM `xian_shop_coupon` WHERE `shop_id` IN ('181','180','179','178','176','175','174','173','172','171') AND `status` = 1 AND `display` = 1 ORDER BY coupon_type asc,coupon_worth asc,id desc  [ RunTime:0.0070s ]
SQL: SHOW COLUMNS FROM `xian_shop_user_went` [ RunTime:0.0160s ]
SQL: SELECT shop_user_went.shop_id,shop_user_went.user_id,user.upfile_head FROM xian_shop_user_went shop_user_went INNER JOIN xian_user user on shop_user_went.user_id = user.id  WHERE shop_user_went.shop_id IN ('181','180','179','178','176','175','174','173','172','171') AND user.status = 1 AND user.display = 1 GROUP BY shop_user_went.shop_id,shop_user_went.user_id ORDER BY shop_user_went.create_time desc  [ RunTime:0.0110s ]
SQL: SELECT count(1) as count,shop_user_went.shop_id FROM xian_shop_user_went shop_user_went INNER JOIN xian_user user on shop_user_went.user_id = user.id  WHERE shop_user_went.shop_id IN ('181','180','179','178','176','175','174','173','172','171') AND user.status = 1 AND user.display = 1 GROUP BY shop_user_went.shop_id  [ RunTime:0.0010s ]

