[ 2015-12-16T12:27:18+08:00 ] ::1 /yanzhihui/?m=api&c=user&a=my_went&user_id=2888
INFO: [ app_init ] --START--
INFO: Run Behavior\BuildLiteBehavior [ RunTime:0.000000s ]
INFO: [ app_init ] --END-- [ RunTime:0.000000s ]
INFO: [ app_begin ] --START--
INFO: Run Behavior\ReadHtmlCacheBehavior [ RunTime:0.001000s ]
INFO: Run Behavior\CheckLangBehavior [ RunTime:0.002001s ]
INFO: [ app_begin ] --END-- [ RunTime:0.003001s ]
SQL: SHOW COLUMNS FROM `xian_user` [ RunTime:0.2910s ]
SQL: SHOW COLUMNS FROM `xian_shop_user_went` [ RunTime:0.0650s ]
SQL: SELECT went.shop_id as shop_id,went.content as content,s.title as title,s.upfile as img,went.create_time as went_time FROM xian_shop_user_went went LEFT JOIN xian_shop s on s.id = went.shop_id  WHERE `user_id` = '2888' ORDER BY went.create_time desc  [ RunTime:0.0810s ]

[ 2015-12-16T20:01:25+08:00 ] ::1 /yanzhihui/?m=api&c=user&a=my_went&user_id=2888
INFO: [ app_init ] --START--
INFO: Run Behavior\BuildLiteBehavior [ RunTime:0.000000s ]
INFO: [ app_init ] --END-- [ RunTime:0.000000s ]
INFO: [ app_begin ] --START--
INFO: Run Behavior\ReadHtmlCacheBehavior [ RunTime:0.000000s ]
INFO: Run Behavior\CheckLangBehavior [ RunTime:0.002000s ]
INFO: [ app_begin ] --END-- [ RunTime:0.002000s ]
SQL: SHOW COLUMNS FROM `xian_user` [ RunTime:0.0050s ]
SQL: SHOW COLUMNS FROM `xian_shop_user_went` [ RunTime:0.0040s ]
SQL: SELECT went.shop_id as shop_id,went.content as content,s.title as title,s.upfile as img,went.create_time as went_time FROM xian_shop_user_went went LEFT JOIN xian_shop s on s.id = went.shop_id  WHERE `user_id` = '2888' ORDER BY went.create_time desc  [ RunTime:0.0010s ]

[ 2015-12-16T20:07:41+08:00 ] ::1 /yanzhihui/?m=api&c=user&a=my_went&user_id=2888
INFO: [ app_init ] --START--
INFO: Run Behavior\BuildLiteBehavior [ RunTime:0.000000s ]
INFO: [ app_init ] --END-- [ RunTime:0.000000s ]
INFO: [ app_begin ] --START--
INFO: Run Behavior\ReadHtmlCacheBehavior [ RunTime:0.001000s ]
INFO: Run Behavior\CheckLangBehavior [ RunTime:0.002000s ]
INFO: [ app_begin ] --END-- [ RunTime:0.003000s ]
SQL: SHOW COLUMNS FROM `xian_user` [ RunTime:0.0050s ]
SQL: SHOW COLUMNS FROM `xian_shop_user_went` [ RunTime:0.0030s ]
SQL: SELECT went.shop_id as shop_id,went.content as content,s.title as title,s.upfile as img,went.create_time as went_time FROM xian_shop_user_went went LEFT JOIN xian_shop s on s.id = went.shop_id  WHERE `user_id` = '2888' ORDER BY went.create_time desc  [ RunTime:0.0000s ]

[ 2015-12-16T20:31:04+08:00 ] ::1 /yanzhihui/?m=api&c=topic_log&a=add&user_id=2660&type=2&number=6&name=bbb
INFO: [ app_init ] --START--
INFO: Run Behavior\BuildLiteBehavior [ RunTime:0.000000s ]
INFO: [ app_init ] --END-- [ RunTime:0.000000s ]
INFO: [ app_begin ] --START--
INFO: Run Behavior\ReadHtmlCacheBehavior [ RunTime:0.001000s ]
INFO: Run Behavior\CheckLangBehavior [ RunTime:0.001000s ]
INFO: [ app_begin ] --END-- [ RunTime:0.003000s ]
SQL: SHOW COLUMNS FROM `xian_topic_log` [ RunTime:0.2280s ]
SQL: SHOW COLUMNS FROM `xian_topic_log` [ RunTime:0.0090s ]
SQL: SELECT `create_time` FROM `xian_topic_log` WHERE `user_id` = 1 AND `type` = '2' ORDER BY create_time desc LIMIT 1   [ RunTime:0.0000s ]
NOTIC: [8] Undefined offset: 0 D:\software\apache24\htdocs\yanzhihui\Application\Api\Model\TopicLogModel.class.php 第 28 行.
SQL: INSERT INTO `xian_topic_log` (`user_id`,`type`,`number`,`name`,`create_time`) VALUES ('2660','2','6','bbb','1450269064') [ RunTime:0.0970s ]
SQL: SHOW COLUMNS FROM `xian_user` [ RunTime:0.0110s ]
SQL: SELECT * FROM `xian_user` WHERE `id` = '2660'  [ RunTime:0.0010s ]

[ 2015-12-16T20:31:38+08:00 ] ::1 /yanzhihui/?m=api&c=topic_log&a=add&user_id=2660&type=2&number=6&name=bbb
INFO: [ app_init ] --START--
INFO: Run Behavior\BuildLiteBehavior [ RunTime:0.000000s ]
INFO: [ app_init ] --END-- [ RunTime:0.000000s ]
INFO: [ app_begin ] --START--
INFO: Run Behavior\ReadHtmlCacheBehavior [ RunTime:0.000000s ]
INFO: Run Behavior\CheckLangBehavior [ RunTime:0.015600s ]
INFO: [ app_begin ] --END-- [ RunTime:0.015600s ]
SQL: SHOW COLUMNS FROM `xian_topic_log` [ RunTime:0.0030s ]
SQL: SHOW COLUMNS FROM `xian_topic_log` [ RunTime:0.0030s ]
SQL: SELECT `create_time` FROM `xian_topic_log` WHERE `user_id` = 1 AND `type` = '2' ORDER BY create_time desc LIMIT 1   [ RunTime:0.0000s ]
NOTIC: [8] Undefined offset: 0 D:\software\apache24\htdocs\yanzhihui\Application\Api\Model\TopicLogModel.class.php 第 28 行.
SQL: INSERT INTO `xian_topic_log` (`user_id`,`type`,`number`,`name`,`create_time`) VALUES ('2660','2','6','bbb','1450269098') [ RunTime:0.0860s ]
SQL: SHOW COLUMNS FROM `xian_user` [ RunTime:0.0100s ]
SQL: SELECT * FROM `xian_user` WHERE `id` = '2660'  [ RunTime:0.0010s ]

[ 2015-12-16T20:43:34+08:00 ] ::1 /yanzhihui/?m=api&c=topic_log&a=add&user_id=2660&type=2&number=6&name=bbb
INFO: [ app_init ] --START--
INFO: Run Behavior\BuildLiteBehavior [ RunTime:0.000000s ]
INFO: [ app_init ] --END-- [ RunTime:0.001000s ]
INFO: [ app_begin ] --START--
INFO: Run Behavior\ReadHtmlCacheBehavior [ RunTime:0.001000s ]
INFO: Run Behavior\CheckLangBehavior [ RunTime:0.001001s ]
INFO: [ app_begin ] --END-- [ RunTime:0.002001s ]
SQL: SHOW COLUMNS FROM `xian_topic_log` [ RunTime:0.0040s ]
SQL: SHOW COLUMNS FROM `xian_topic_log` [ RunTime:0.0030s ]
SQL: SELECT `create_time` FROM `xian_topic_log` WHERE `user_id` = 1 AND `type` = '2' ORDER BY create_time desc LIMIT 1   [ RunTime:0.0000s ]
NOTIC: [8] Undefined offset: 0 D:\software\apache24\htdocs\yanzhihui\Application\Api\Model\TopicLogModel.class.php 第 28 行.
SQL: INSERT INTO `xian_topic_log` (`user_id`,`type`,`number`,`name`,`create_time`) VALUES ('2660','2','6','bbb','1450269813') [ RunTime:0.0780s ]
SQL: SHOW COLUMNS FROM `xian_user` [ RunTime:0.0100s ]
SQL: SELECT * FROM `xian_user` WHERE `id` = '2660'  [ RunTime:0.0010s ]
SQL: UPDATE `xian_user` SET `id`='2660',`user_type`='0',`telephone`='18011995229',`password`='e10adc3949ba59abbe56e057f20f883e',`open_id`='',`nick_name`='zzh',`sex`='1',`upfile_head`='',`province`='广东省',`city`='广州市',`area`='',`description`='',`like_count`='0',`like_now_count`='0',`like_consume_count`='0',`topic_count`='0',`topic_like_count`='2',`topic_comment_count`='1',`attention_count`='0',`fans_count`='0',`upfile_head_auth`='',`upfile_head_auth_type`='0',`client_system`='1',`IM_uuid`='1e762c0a-9671-11e5-a5a7-93e898392409',`IM_username`='yanzhihui_2660',`IM_password`='51133661',`push_id`='',`auth_token`='aGVlaZmUnmtong==',`status`='1',`create_time`='1448784828',`shop_user_went_read_time`='0',`display`='1',`comment_notify`='1',`get_gold_notify`='1',`trace_notify`='1',`letter_notify`='1',`chat_level`='0',`chat_value`=NULL,`top_times`='1',`top_best`='6' WHERE `id` = '2660' [ RunTime:0.0690s ]
SQL: SELECT * FROM `xian_user` WHERE `id` = '2660'  [ RunTime:0.0010s ]

